{
  "numFailedTestSuites": 0,
  "numFailedTests": 0,
  "numPassedTestSuites": 4,
  "numPassedTests": 18,
  "numPendingTestSuites": 0,
  "numPendingTests": 0,
  "numRuntimeErrorTestSuites": 0,
  "numTodoTests": 0,
  "numTotalTestSuites": 4,
  "numTotalTests": 18,
  "openHandles": [],
  "snapshot": {
    "added": 0,
    "didUpdate": false,
    "failure": false,
    "filesAdded": 0,
    "filesRemoved": 0,
    "filesRemovedList": [],
    "filesUnmatched": 0,
    "filesUpdated": 0,
    "matched": 0,
    "total": 0,
    "unchecked": 0,
    "uncheckedKeysByFile": [],
    "unmatched": 0,
    "updated": 0
  },
  "startTime": 1752085110063,
  "success": true,
  "testResults": [
    {
      "assertionResults": [
        {
          "ancestorTitles": ["Calendar API", "fetchAppointments"],
          "duration": 26,
          "failureDetails": [],
          "failureMessages": [],
          "fullName": "Calendar API fetchAppointments should fetch appointments for a given date range",
          "invocations": 1,
          "location": null,
          "numPassingAsserts": 3,
          "retryReasons": [],
          "status": "passed",
          "title": "should fetch appointments for a given date range"
        },
        {
          "ancestorTitles": ["Calendar API", "fetchAppointments"],
          "duration": 7,
          "failureDetails": [],
          "failureMessages": [],
          "fullName": "Calendar API fetchAppointments should handle API errors gracefully",
          "invocations": 1,
          "location": null,
          "numPassingAsserts": 1,
          "retryReasons": [],
          "status": "passed",
          "title": "should handle API errors gracefully"
        },
        {
          "ancestorTitles": ["Calendar API", "fetchProviderAvailability"],
          "duration": 3,
          "failureDetails": [],
          "failureMessages": [],
          "fullName": "Calendar API fetchProviderAvailability should fetch provider availability for a given date range",
          "invocations": 1,
          "location": null,
          "numPassingAsserts": 3,
          "retryReasons": [],
          "status": "passed",
          "title": "should fetch provider availability for a given date range"
        },
        {
          "ancestorTitles": ["Calendar API", "fetchProviderAvailability"],
          "duration": 2,
          "failureDetails": [],
          "failureMessages": [],
          "fullName": "Calendar API fetchProviderAvailability should handle API errors gracefully",
          "invocations": 1,
          "location": null,
          "numPassingAsserts": 1,
          "retryReasons": [],
          "status": "passed",
          "title": "should handle API errors gracefully"
        }
      ],
      "endTime": 1752085111081,
      "message": "",
      "name": "F:\\AQC\\Lunara\\src\\tests\\api\\calendar.test.ts",
      "startTime": 1752085110445,
      "status": "passed",
      "summary": ""
    },
    {
      "assertionResults": [
        {
          "ancestorTitles": ["AuthContext smoke flow"],
          "duration": 91,
          "failureDetails": [],
          "failureMessages": [],
          "fullName": "AuthContext smoke flow logs in and logs out successfully",
          "invocations": 1,
          "location": null,
          "numPassingAsserts": 7,
          "retryReasons": [],
          "status": "passed",
          "title": "logs in and logs out successfully"
        }
      ],
      "endTime": 1752085111490,
      "message": "",
      "name": "F:\\AQC\\Lunara\\src\\tests\\auth\\authFlow.test.tsx",
      "startTime": 1752085111107,
      "status": "passed",
      "summary": ""
    },
    {
      "assertionResults": [
        {
          "ancestorTitles": ["Support Session API", "getSessions"],
          "duration": 7,
          "failureDetails": [],
          "failureMessages": [],
          "fullName": "Support Session API getSessions should fetch provider sessions",
          "invocations": 1,
          "location": null,
          "numPassingAsserts": 1,
          "retryReasons": [],
          "status": "passed",
          "title": "should fetch provider sessions"
        },
        {
          "ancestorTitles": ["Support Session API", "getSessions"],
          "duration": 2,
          "failureDetails": [],
          "failureMessages": [],
          "fullName": "Support Session API getSessions should fetch client sessions",
          "invocations": 1,
          "location": null,
          "numPassingAsserts": 1,
          "retryReasons": [],
          "status": "passed",
          "title": "should fetch client sessions"
        },
        {
          "ancestorTitles": ["Support Session API", "updateSessionStatus"],
          "duration": 2,
          "failureDetails": [],
          "failureMessages": [],
          "fullName": "Support Session API updateSessionStatus should update session status",
          "invocations": 1,
          "location": null,
          "numPassingAsserts": 2,
          "retryReasons": [],
          "status": "passed",
          "title": "should update session status"
        },
        {
          "ancestorTitles": ["Support Session API", "updateSessionStatus"],
          "duration": 10,
          "failureDetails": [],
          "failureMessages": [],
          "fullName": "Support Session API updateSessionStatus should handle invalid status transitions",
          "invocations": 1,
          "location": null,
          "numPassingAsserts": 1,
          "retryReasons": [],
          "status": "passed",
          "title": "should handle invalid status transitions"
        },
        {
          "ancestorTitles": ["Support Session API", "updateApprovalStatus"],
          "duration": 3,
          "failureDetails": [],
          "failureMessages": [],
          "fullName": "Support Session API updateApprovalStatus should update approval status",
          "invocations": 1,
          "location": null,
          "numPassingAsserts": 2,
          "retryReasons": [],
          "status": "passed",
          "title": "should update approval status"
        },
        {
          "ancestorTitles": ["Support Session API", "updateSessionNotes"],
          "duration": 2,
          "failureDetails": [],
          "failureMessages": [],
          "fullName": "Support Session API updateSessionNotes should update session notes",
          "invocations": 1,
          "location": null,
          "numPassingAsserts": 2,
          "retryReasons": [],
          "status": "passed",
          "title": "should update session notes"
        },
        {
          "ancestorTitles": ["Support Session API", "cancelSession"],
          "duration": 2,
          "failureDetails": [],
          "failureMessages": [],
          "fullName": "Support Session API cancelSession should cancel a session",
          "invocations": 1,
          "location": null,
          "numPassingAsserts": 2,
          "retryReasons": [],
          "status": "passed",
          "title": "should cancel a session"
        },
        {
          "ancestorTitles": ["Support Session API", "cancelSession"],
          "duration": 3,
          "failureDetails": [],
          "failureMessages": [],
          "fullName": "Support Session API cancelSession should handle cancellation time limit",
          "invocations": 1,
          "location": null,
          "numPassingAsserts": 1,
          "retryReasons": [],
          "status": "passed",
          "title": "should handle cancellation time limit"
        }
      ],
      "endTime": 1752085111647,
      "message": "",
      "name": "F:\\AQC\\Lunara\\src\\tests\\api\\supportSessions.test.ts",
      "startTime": 1752085111507,
      "status": "passed",
      "summary": ""
    },
    {
      "assertionResults": [
        {
          "ancestorTitles": ["Appointment Scheduling API", "listProviders"],
          "duration": 7,
          "failureDetails": [],
          "failureMessages": [],
          "fullName": "Appointment Scheduling API listProviders should fetch list of available providers",
          "invocations": 1,
          "location": null,
          "numPassingAsserts": 1,
          "retryReasons": [],
          "status": "passed",
          "title": "should fetch list of available providers"
        },
        {
          "ancestorTitles": ["Appointment Scheduling API", "listProviders"],
          "duration": 9,
          "failureDetails": [],
          "failureMessages": [],
          "fullName": "Appointment Scheduling API listProviders should handle API errors gracefully",
          "invocations": 1,
          "location": null,
          "numPassingAsserts": 1,
          "retryReasons": [],
          "status": "passed",
          "title": "should handle API errors gracefully"
        },
        {
          "ancestorTitles": ["Appointment Scheduling API", "createAppointment"],
          "duration": 3,
          "failureDetails": [],
          "failureMessages": [],
          "fullName": "Appointment Scheduling API createAppointment should create a new appointment",
          "invocations": 1,
          "location": null,
          "numPassingAsserts": 2,
          "retryReasons": [],
          "status": "passed",
          "title": "should create a new appointment"
        },
        {
          "ancestorTitles": ["Appointment Scheduling API", "createAppointment"],
          "duration": 3,
          "failureDetails": [],
          "failureMessages": [],
          "fullName": "Appointment Scheduling API createAppointment should handle validation errors",
          "invocations": 1,
          "location": null,
          "numPassingAsserts": 1,
          "retryReasons": [],
          "status": "passed",
          "title": "should handle validation errors"
        },
        {
          "ancestorTitles": ["Appointment Scheduling API", "createAppointment"],
          "duration": 2,
          "failureDetails": [],
          "failureMessages": [],
          "fullName": "Appointment Scheduling API createAppointment should handle provider unavailability",
          "invocations": 1,
          "location": null,
          "numPassingAsserts": 1,
          "retryReasons": [],
          "status": "passed",
          "title": "should handle provider unavailability"
        }
      ],
      "endTime": 1752085111793,
      "message": "",
      "name": "F:\\AQC\\Lunara\\src\\tests\\api\\appointments.test.ts",
      "startTime": 1752085111665,
      "status": "passed",
      "summary": ""
    }
  ],
  "wasInterrupted": false
}
